[无极CRM] 从磁盘恢复 2668 条线索, 36 条日志
[声狐] 从磁盘恢复 50 条通话, 49 条日志

============================================
  无极CRM x VoiceFox 声狐 融合管理平台
  http://localhost:3456
============================================

[无极CRM] 登录尝试 1
[声狐] 登录尝试 1
[声狐] 登录成功 - 项目: 981, 用户: 李灵
[声狐] 同步完成: 92 通, 9 接通
[声狐] 同步完成: 92 通, 9 接通
[无极CRM] 登录成功
[声狐] 同步完成: 92 通, 9 接通
[声狐] 同步完成: 92 通, 9 接通
[声狐] 同步完成: 92 通, 9 接通
[无极CRM] 同步完成: +0 ~1 =2668
[声狐] 同步完成: 92 通, 9 接通
[声狐] 同步完成: 92 通, 9 接通
[无极CRM] 同步完成: +0 ~0 =2668
[声狐] 同步完成: 92 通, 9 接通
[无极CRM] 同步完成: +0 ~0 =2668
[声狐] 同步完成: 92 通, 9 接通
[声狐] 同步完成: 92 通, 9 接通
[声狐] 同步完成: 92 通, 9 接通
[无极CRM] 同步完成: +0 ~0 =2668
[无极CRM] 同步完成: +0 ~0 =2668
[声狐] 同步完成: 92 通, 9 接通
[声狐] 同步完成: 92 通, 9 接通
[无极CRM] 同步完成: +0 ~0 =2668
[无极CRM] 同步完成: +0 ~0 =2668
[无极CRM] 同步完成: +0 ~0 =2668
[声狐] 同步完成: 92 通, 9 接通
[声狐] 同步完成: 92 通, 9 接通
[无极CRM] 同步完成: +0 ~0 =2668
[无极CRM] 同步完成: +0 ~0 =2668
[声狐] 同步完成: 92 通, 9 接通
[声狐] 同步完成: 92 通, 9 接通
[无极CRM] 同步完成: +0 ~0 =2668
[声狐] 同步完成: 92 通, 9 接通
[声狐] 同步完成: 92 通, 9 接通
[无极CRM] 同步完成: +0 ~1 =2668
[无极CRM] 同步完成: +0 ~1 =2668
[声狐] 同步完成: 92 通, 9 接通
[无极CRM] 同步完成: +0 ~0 =2668
[声狐] 同步完成: 92 通, 9 接通
[无极CRM] 同步完成: +0 ~0 =2668
[声狐] 同步完成: 92 通, 9 接通
[声狐] 同步完成: 92 通, 9 接通
[无极CRM] 同步完成: +0 ~0 =2668
[无极CRM] 同步完成: +0 ~0 =2668
[无极CRM] 同步完成: +0 ~1 =2668
[声狐] 同步完成: 92 通, 9 接通
[声狐] 同步完成: 92 通, 9 接通
[无极CRM] 同步完成: +0 ~1 =2668
[无极CRM] 同步完成: +0 ~0 =2668
[声狐] 同步完成: 92 通, 9 接通
[声狐] 同步完成: 92 通, 9 接通
[无极CRM] 同步完成: +0 ~0 =2668
[无极CRM] 同步完成: +0 ~0 =2668
[声狐] 同步完成: 92 通, 9 接通
[声狐] 同步完成: 92 通, 9 接通
[无极CRM] 同步完成: +0 ~0 =2669
[声狐] 同步完成: 92 通, 9 接通
[无极CRM] 同步完成: +0 ~0 =2669
[声狐] 同步完成: 92 通, 9 接通
[无极CRM] 同步完成: +1 ~0 =2669
[无极CRM] 同步完成: +0 ~0 =2669
[声狐] 同步完成: 92 通, 9 接通
[声狐] 同步完成: 92 通, 9 接通
[无极CRM] 同步完成: +0 ~0 =2669
[无极CRM] 同步完成: +0 ~0 =2669
[无极CRM] 同步完成: +1 ~0 =2669
[声狐] 同步完成: 92 通, 9 接通
[声狐] 同步完成: 92 通, 9 接通
[无极CRM] 同步完成: +0 ~0 =2669
[声狐] 同步完成: 92 通, 9 接通
[声狐] 同步完成: 92 通, 9 接通
[无极CRM] 同步完成: +0 ~1 =2669
[无极CRM] 同步完成: +0 ~0 =2669
[声狐] 同步完成: 92 通, 9 接通
[无极CRM] 同步完成: +0 ~1 =2669
[声狐] 同步完成: 92 通, 9 接通
[无极CRM] 同步完成: +0 ~0 =2669
[声狐] 同步完成: 92 通, 9 接通
[无极CRM] 同步完成: +0 ~0 =2669
[声狐] 同步完成: 92 通, 9 接通
[无极CRM] 同步完成: +0 ~1 =2669
[声狐] 同步完成: 92 通, 9 接通
[声狐] 同步完成: 92 通, 9 接通
[无极CRM] 同步完成: +0 ~0 =2669
[无极CRM] 同步完成: +0 ~2 =2669
[无极CRM] 同步完成: +0 ~2 =2669
[声狐] 同步完成: 92 通, 9 接通
[声狐] 同步完成: 92 通, 9 接通
[无极CRM] 同步完成: +0 ~0 =2669
[无极CRM] 同步完成: +0 ~0 =2670
[声狐] 同步完成: 92 通, 9 接通
[无极CRM] 同步完成: +0 ~0 =2670
[声狐] 同步完成: 92 通, 9 接通
[无极CRM] 同步完成: +1 ~0 =2670
[声狐] 同步完成: 92 通, 9 接通
[声狐] 同步完成: 92 通, 9 接通
[无极CRM] 同步完成: +0 ~0 =2670
[无极CRM] 同步完成: +0 ~0 =2670
[声狐] 同步完成: 92 通, 9 接通
[无极CRM] 同步完成: +0 ~0 =2670
[声狐] 同步完成: 92 通, 9 接通
[无极CRM] 同步完成: +0 ~0 =2670
[声狐] 同步完成: 92 通, 9 接通
[声狐] 同步完成: 92 通, 9 接通
[无极CRM] 同步完成: +0 ~0 =2670
[无极CRM] 同步完成: +0 ~0 =2670
[声狐] 同步完成: 92 通, 9 接通
[无极CRM] 同步完成: +0 ~0 =2670
[声狐] 同步完成: 92 通, 9 接通
[无极CRM] 同步完成: +0 ~1 =2670
[声狐] 同步完成: 92 通, 9 接通
[声狐] 同步完成: 92 通, 9 接通
[无极CRM] 同步完成: +0 ~0 =2670
[无极CRM] 同步完成: +0 ~0 =2670
[声狐] 同步完成: 92 通, 9 接通
[无极CRM] 同步完成: +0 ~0 =2670
[无极CRM] 同步完成: +0 ~1 =2670
[声狐] 同步完成: 92 通, 9 接通
[无极CRM] 同步完成: +0 ~0 =650
[声狐] 同步完成: 92 通, 9 接通
[声狐] 同步完成: 92 通, 9 接通
[声狐] 同步完成: 92 通, 9 接通
[无极CRM] 同步完成: +2020 ~0 =2670
[声狐] 同步完成: 92 通, 9 接通
[无极CRM] 同步完成: +0 ~0 =2670
[无极CRM] 同步完成: +0 ~0 =2670
[声狐] 同步完成: 92 通, 9 接通
[无极CRM] 同步完成: +0 ~0 =2670
[声狐] 同步完成: 92 通, 9 接通
[无极CRM] 同步完成: +0 ~2 =2670
[声狐] 同步完成: 92 通, 9 接通
[无极CRM] 同步完成: +0 ~0 =2670
[声狐] 同步完成: 92 通, 9 接通
[声狐] 同步完成: 92 通, 9 接通
[无极CRM] 同步完成: +0 ~0 =2670
[无极CRM] 同步完成: +0 ~0 =2670
[声狐] 同步完成: 92 通, 9 接通
[无极CRM] 同步完成: +0 ~0 =2670
[声狐] 同步完成: 92 通, 9 接通
[无极CRM] 同步完成: +0 ~0 =2670
[声狐] 同步完成: 92 通, 9 接通
[无极CRM] 同步完成: +0 ~0 =2670
[声狐] 同步完成: 92 通, 9 接通
[声狐] 同步完成: 92 通, 9 接通
[无极CRM] 同步完成: +0 ~0 =2670
[无极CRM] 同步完成: +0 ~0 =2670
[声狐] 同步完成: 92 通, 9 接通
[无极CRM] 同步完成: +0 ~0 =2670
[声狐] 同步完成: 92 通, 9 接通
[无极CRM] 同步完成: +0 ~1 =2670
[声狐] 同步完成: 92 通, 9 接通
[无极CRM] 同步完成: +0 ~1 =2670
[声狐] 同步完成: 92 通, 9 接通
[声狐] 同步完成: 92 通, 9 接通
[无极CRM] 同步完成: +0 ~0 =2670
[无极CRM] 同步完成: +0 ~0 =2670
[声狐] 同步完成: 92 通, 9 接通
[无极CRM] 同步完成: +0 ~0 =2670
[声狐] 同步完成: 92 通, 9 接通
[无极CRM] 同步完成: +0 ~0 =2670
[声狐] 同步完成: 92 通, 9 接通
[声狐] 同步完成: 92 通, 9 接通
[无极CRM] 同步完成: +0 ~0 =2670
[声狐] 同步完成: 92 通, 9 接通
[无极CRM] 同步完成: +0 ~0 =2670
[无极CRM] 同步完成: +0 ~0 =2670
[声狐] 同步完成: 92 通, 9 接通
[无极CRM] 同步完成: +0 ~0 =2670
[声狐] 同步完成: 92 通, 9 接通
[无极CRM] 同步完成: +0 ~0 =2670
[声狐] 同步完成: 92 通, 9 接通
[声狐] 同步完成: 92 通, 9 接通
[无极CRM] 同步完成: +0 ~0 =2670
[声狐] 同步完成: 92 通, 9 接通
[无极CRM] 同步完成: +0 ~1 =2670
[无极CRM] 同步完成: +0 ~0 =2670
[声狐] 同步完成: 92 通, 9 接通
[无极CRM] 同步完成: +0 ~0 =2670
[声狐] 同步完成: 92 通, 9 接通
[无极CRM] 同步完成: +0 ~0 =2670
[声狐] 同步完成: 92 通, 9 接通
[声狐] 同步完成: 92 通, 9 接通
[无极CRM] 同步完成: +0 ~0 =2670
[声狐] 同步完成: 92 通, 9 接通
[无极CRM] 同步完成: +0 ~0 =2670
[无极CRM] 同步完成: +0 ~0 =2670
[声狐] 同步完成: 92 通, 9 接通
[无极CRM] 同步完成: +0 ~0 =2670
[声狐] 同步完成: 92 通, 9 接通
[无极CRM] 同步完成: +0 ~0 =2670
[声狐] 同步完成: 92 通, 9 接通
[无极CRM] 同步完成: +0 ~0 =2670
[声狐] 同步完成: 92 通, 9 接通
[声狐] 同步完成: 92 通, 9 接通
[无极CRM] 同步完成: +0 ~0 =2670
[无极CRM] 同步完成: +0 ~0 =2670
[声狐] 同步完成: 92 通, 9 接通
[无极CRM] 同步完成: +0 ~0 =2670
[声狐] 同步完成: 92 通, 9 接通
[无极CRM] 同步完成: +0 ~0 =2670
[声狐] 同步完成: 92 通, 9 接通
[无极CRM] 同步完成: +0 ~0 =2670
[声狐] 同步完成: 92 通, 9 接通
[声狐] 同步完成: 92 通, 9 接通
[无极CRM] 同步完成: +0 ~0 =2670
[无极CRM] 同步完成: +0 ~0 =2670
[声狐] 同步完成: 92 通, 9 接通
[无极CRM] 同步完成: +0 ~0 =2670
[声狐] 同步完成: 92 通, 9 接通
[声狐] 同步完成: 92 通, 9 接通
[声狐] 同步完成: 92 通, 9 接通
[无极CRM] 同步完成: +0 ~0 =2670
[无极CRM] 同步完成: +0 ~0 =2670
[声狐] 同步完成: 92 通, 9 接通
[无极CRM] 同步完成: +0 ~0 =2670
[声狐] 同步完成: 92 通, 9 接通
[无极CRM] 同步完成: +0 ~0 =2670
[声狐] 同步完成: 92 通, 9 接通
[无极CRM] 同步完成: +0 ~0 =2670
[声狐] 同步完成: 92 通, 9 接通
[无极CRM] 同步完成: +0 ~0 =2670
[声狐] 同步完成: 92 通, 9 接通
[无极CRM] 同步完成: +0 ~0 =2670
[声狐] 同步完成: 92 通, 9 接通
[无极CRM] 同步完成: +0 ~0 =2670
[无极CRM] 同步完成: +0 ~0 =2670
[声狐] 同步完成: 92 通, 9 接通
[声狐] 同步完成: 92 通, 9 接通
[无极CRM] 同步完成: +0 ~0 =2670
[无极CRM] 同步完成: +0 ~0 =2670
[声狐] 同步完成: 92 通, 9 接通
[声狐] 同步完成: 92 通, 9 接通
[无极CRM] 同步完成: +0 ~0 =2670
[无极CRM] 同步完成: +0 ~0 =2670
[声狐] 同步完成: 92 通, 9 接通
[声狐] 同步完成: 92 通, 9 接通
[无极CRM] 同步完成: +0 ~0 =2670
[无极CRM] 同步完成: +0 ~0 =2670
[声狐] 同步完成: 92 通, 9 接通
[声狐] 同步完成: 92 通, 9 接通
[无极CRM] 同步完成: +0 ~0 =2670
[无极CRM] 同步完成: +0 ~0 =2670
[声狐] 同步完成: 92 通, 9 接通
[声狐] 同步完成: 92 通, 9 接通
[无极CRM] 同步完成: +0 ~0 =2670
[声狐] 同步完成: 92 通, 9 接通
[无极CRM] 同步完成: +0 ~0 =2670
[声狐] 同步完成: 92 通, 9 接通
[无极CRM] 同步完成: +0 ~0 =2670
[声狐] 同步完成: 92 通, 9 接通
[无极CRM] 同步完成: +0 ~0 =2670
[声狐] 同步完成: 92 通, 9 接通
[无极CRM] 同步完成: +0 ~0 =2670
[无极CRM] 同步完成: +0 ~0 =2670
[声狐] 同步完成: 92 通, 9 接通
[声狐] 同步完成: 92 通, 9 接通
[无极CRM] 同步完成: +0 ~0 =2670
[无极CRM] 同步完成: +0 ~0 =2670
[声狐] 同步完成: 92 通, 9 接通
[声狐] 同步完成: 92 通, 9 接通
[无极CRM] 同步完成: +0 ~0 =2670
[无极CRM] 同步完成: +0 ~0 =2670
[声狐] 同步完成: 92 通, 9 接通
[声狐] 同步完成: 92 通, 9 接通
[无极CRM] 同步完成: +0 ~0 =2670
[无极CRM] 同步完成: +0 ~0 =2670
[声狐] 同步完成: 92 通, 9 接通
[声狐] 同步完成: 92 通, 9 接通
[无极CRM] 同步完成: +0 ~0 =2670
[无极CRM] 同步完成: +0 ~0 =2670
[声狐] 同步完成: 92 通, 9 接通
[声狐] 同步完成: 92 通, 9 接通
[无极CRM] 同步完成: +0 ~0 =2670
[无极CRM] 同步完成: +0 ~0 =2670
[声狐] 同步完成: 92 通, 9 接通
[声狐] 同步完成: 92 通, 9 接通
[无极CRM] 同步完成: +0 ~0 =2670
[无极CRM] 同步完成: +0 ~0 =2670
[声狐] 同步完成: 92 通, 9 接通
[无极CRM] 同步完成: +0 ~0 =2670
[声狐] 同步完成: 92 通, 9 接通
[声狐] 同步完成: 92 通, 9 接通
[无极CRM] 同步完成: +0 ~0 =2670
[无极CRM] 同步完成: +0 ~0 =2670
[声狐] 同步完成: 92 通, 9 接通
[无极CRM] 同步完成: +0 ~0 =2670
[无极CRM] 同步完成: +0 ~0 =2670
[声狐] 同步完成: 92 通, 9 接通
[声狐] 同步完成: 92 通, 9 接通
[无极CRM] 同步完成: +0 ~0 =2670
[声狐] 同步完成: 92 通, 9 接通
[声狐] 同步完成: 92 通, 9 接通
[无极CRM] 同步完成: +0 ~0 =2670
[无极CRM] 同步完成: +0 ~0 =2670
[声狐] 同步完成: 92 通, 9 接通
[无极CRM] 同步完成: +0 ~0 =2671
[声狐] 同步完成: 92 通, 9 接通
[无极CRM] 同步完成: +1 ~0 =2671
[声狐] 同步完成: 92 通, 9 接通
[无极CRM] 同步完成: +0 ~0 =2671
[声狐] 同步完成: 92 通, 9 接通
[声狐] 同步完成: 92 通, 9 接通
[无极CRM] 同步完成: +0 ~0 =2671
[无极CRM] 同步完成: +0 ~0 =2671
[无极CRM] 同步完成: +0 ~0 =2671
[声狐] 同步完成: 92 通, 9 接通
[声狐] 同步完成: 92 通, 9 接通
[无极CRM] 同步完成: +0 ~0 =2671
[声狐] 同步完成: 92 通, 9 接通
[无极CRM] 同步完成: +0 ~1 =2671
[声狐] 同步完成: 92 通, 9 接通
[声狐] 同步完成: 92 通, 9 接通
[无极CRM] 同步完成: +0 ~0 =2671
[无极CRM] 同步完成: +0 ~0 =2671
[声狐] 同步完成: 92 通, 9 接通
[无极CRM] 同步完成: +0 ~0 =2671
[无极CRM] 同步完成: +0 ~0 =2671
[声狐] 同步完成: 92 通, 9 接通
[声狐] 同步完成: 92 通, 9 接通
[声狐] 同步完成: 92 通, 9 接通
[声狐] 同步完成: 92 通, 9 接通
[无极CRM] 同步完成: +0 ~0 =2671
[无极CRM] 同步完成: +0 ~0 =2671
[无极CRM] 同步完成: +0 ~0 =2671
[声狐] 同步完成: 92 通, 9 接通
[声狐] 同步完成: 92 通, 9 接通
[无极CRM] 同步完成: +0 ~0 =2671
[无极CRM] 同步完成: +0 ~0 =2671
[声狐] 同步完成: 92 通, 9 接通
[声狐] 同步完成: 92 通, 9 接通
[无极CRM] 同步完成: +0 ~0 =2671
[无极CRM] 同步完成: +0 ~0 =2671
[声狐] 同步完成: 92 通, 9 接通
[声狐] 同步完成: 92 通, 9 接通
[无极CRM] 同步完成: +0 ~0 =2671
[无极CRM] 同步完成: +0 ~0 =2671
[声狐] 同步完成: 92 通, 9 接通
[声狐] 同步完成: 92 通, 9 接通
[无极CRM] 同步完成: +0 ~0 =2671
[无极CRM] 同步完成: +0 ~0 =2671
[声狐] 同步完成: 92 通, 9 接通
[声狐] 同步完成: 92 通, 9 接通
[无极CRM] 同步完成: +0 ~0 =2671
[无极CRM] 同步完成: +0 ~0 =2671
[声狐] 同步完成: 92 通, 9 接通
[声狐] 同步完成: 92 通, 9 接通
[无极CRM] 同步完成: +0 ~0 =2671
[无极CRM] 同步完成: +0 ~0 =2671
[声狐] 同步完成: 92 通, 9 接通
[声狐] 同步完成: 92 通, 9 接通
[无极CRM] 同步完成: +0 ~0 =2671
[无极CRM] 同步完成: +0 ~0 =2671
[声狐] 同步完成: 92 通, 9 接通
[无极CRM] 同步完成: +0 ~0 =2671
[声狐] 同步完成: 92 通, 9 接通
[声狐] 同步完成: 92 通, 9 接通
[无极CRM] 同步完成: +0 ~0 =2671
[无极CRM] 同步完成: +0 ~0 =2671
[声狐] 同步完成: 92 通, 9 接通
[无极CRM] 同步完成: +0 ~0 =2671
[声狐] 同步完成: 92 通, 9 接通
[无极CRM] 同步完成: +0 ~0 =2671
[声狐] 同步完成: 92 通, 9 接通
[无极CRM] 同步完成: +0 ~0 =2671
[声狐] 同步完成: 92 通, 9 接通
[声狐] 同步完成: 92 通, 9 接通
[无极CRM] 同步完成: +0 ~0 =2671
[无极CRM] 同步完成: +0 ~0 =2671
[声狐] 同步完成: 92 通, 9 接通
[无极CRM] 同步完成: +0 ~0 =2671
[声狐] 同步完成: 92 通, 9 接通
[无极CRM] 同步完成: +0 ~0 =2671
[声狐] 同步完成: 92 通, 9 接通
[无极CRM] 同步完成: +0 ~0 =2671
[声狐] 同步完成: 92 通, 9 接通
[声狐] 同步完成: 92 通, 9 接通
[无极CRM] 同步完成: +0 ~0 =2671
[无极CRM] 同步完成: +0 ~0 =2671
[声狐] 同步完成: 92 通, 9 接通
[无极CRM] 同步完成: +0 ~0 =2671
[声狐] 同步完成: 92 通, 9 接通
[无极CRM] 同步完成: +0 ~0 =2671
[声狐] 同步完成: 92 通, 9 接通
[无极CRM] 同步完成: +0 ~0 =2671
[声狐] 同步完成: 92 通, 9 接通
[声狐] 同步完成: 92 通, 9 接通
[无极CRM] 同步完成: +0 ~0 =2671
[无极CRM] 同步完成: +0 ~0 =2671
[声狐] 同步完成: 92 通, 9 接通
[无极CRM] 同步完成: +0 ~0 =2671
[声狐] 同步完成: 92 通, 9 接通
[无极CRM] 同步完成: +0 ~0 =2671
[声狐] 同步完成: 92 通, 9 接通
[无极CRM] 同步完成: +0 ~0 =2671
[声狐] 同步完成: 92 通, 9 接通
[声狐] 同步完成: 92 通, 9 接通
[无极CRM] 同步完成: +0 ~0 =2671
[无极CRM] 同步完成: +0 ~0 =2671
[声狐] 同步完成: 92 通, 9 接通
[无极CRM] 同步完成: +0 ~0 =2671
[声狐] 同步完成: 92 通, 9 接通
[无极CRM] 同步完成: +0 ~0 =2671
[声狐] 同步完成: 92 通, 9 接通
[声狐] 同步完成: 92 通, 9 接通
[无极CRM] 同步完成: +0 ~0 =2671
[声狐] 同步完成: 92 通, 9 接通
[无极CRM] 同步完成: +0 ~0 =2671
[无极CRM] 同步完成: +0 ~0 =2671
[声狐] 同步完成: 92 通, 9 接通
[无极CRM] 同步完成: +0 ~0 =2671
[声狐] 同步完成: 92 通, 9 接通
[无极CRM] 同步完成: +0 ~0 =2671
[声狐] 同步完成: 92 通, 9 接通
[无极CRM] 同步完成: +0 ~0 =2671
[声狐] 同步完成: 92 通, 9 接通
[声狐] 同步完成: 92 通, 9 接通
[无极CRM] 同步完成: +0 ~0 =2671
[无极CRM] 同步完成: +0 ~0 =2671
[声狐] 同步完成: 92 通, 9 接通
[无极CRM] 同步完成: +0 ~0 =2671
[声狐] 同步完成: 92 通, 9 接通
[无极CRM] 同步完成: +0 ~0 =2671
[声狐] 同步完成: 92 通, 9 接通
[无极CRM] 同步完成: +0 ~0 =2671
[声狐] 同步完成: 92 通, 9 接通
[声狐] 同步完成: 92 通, 9 接通
[无极CRM] 同步完成: +0 ~0 =2671
[无极CRM] 同步完成: +0 ~0 =2671
[声狐] 同步完成: 92 通, 9 接通
[无极CRM] 同步完成: +0 ~0 =2672
[声狐] 同步完成: 92 通, 9 接通
[无极CRM] 同步完成: +0 ~0 =2672
[声狐] 同步完成: 92 通, 9 接通
[无极CRM] 同步完成: +1 ~0 =2672
[声狐] 同步完成: 92 通, 9 接通
[声狐] 同步完成: 92 通, 9 接通
[无极CRM] 同步完成: +0 ~0 =2672
[无极CRM] 同步完成: +0 ~0 =2672
[声狐] 同步完成: 92 通, 9 接通
[无极CRM] 同步完成: +0 ~0 =2672
[声狐] 同步完成: 92 通, 9 接通
[无极CRM] 同步完成: +0 ~0 =2672
[声狐] 同步完成: 92 通, 9 接通
[无极CRM] 同步完成: +0 ~1 =2672
[声狐] 同步完成: 92 通, 9 接通
[声狐] 同步完成: 92 通, 9 接通
[无极CRM] 同步完成: +0 ~0 =2672
[无极CRM] 同步完成: +0 ~0 =2672
[声狐] 同步完成: 92 通, 9 接通
[无极CRM] 同步完成: +0 ~0 =2672
[声狐] 同步完成: 92 通, 9 接通
[无极CRM] 同步完成: +0 ~0 =2672
[声狐] 同步完成: 92 通, 9 接通
[无极CRM] 同步完成: +0 ~0 =2672
[声狐] 同步完成: 92 通, 9 接通
[声狐] 同步完成: 92 通, 9 接通
[无极CRM] 同步完成: +0 ~0 =2672
[无极CRM] 同步完成: +0 ~0 =2672
[声狐] 同步完成: 92 通, 9 接通
[无极CRM] 同步完成: +0 ~0 =2672
[声狐] 同步完成: 92 通, 9 接通
[无极CRM] 同步完成: +0 ~0 =2672
[声狐] 同步完成: 92 通, 9 接通
[无极CRM] 同步完成: +0 ~0 =2672
[声狐] 同步完成: 92 通, 9 接通
[声狐] 同步完成: 92 通, 9 接通
[无极CRM] 同步完成: +0 ~0 =2672
[无极CRM] 同步完成: +0 ~0 =2672
[声狐] 同步完成: 92 通, 9 接通
[无极CRM] 同步完成: +0 ~0 =2672
[声狐] 同步完成: 92 通, 9 接通
[无极CRM] 同步完成: +0 ~0 =2672
[声狐] 同步完成: 92 通, 9 接通
[无极CRM] 同步完成: +0 ~0 =2672
[声狐] 同步完成: 92 通, 9 接通
[声狐] 同步完成: 92 通, 9 接通
[无极CRM] 同步完成: +0 ~0 =2672
[无极CRM] 同步完成: +0 ~0 =2672
[声狐] 同步完成: 92 通, 9 接通
[无极CRM] 同步完成: +0 ~0 =2672
[声狐] 同步完成: 92 通, 9 接通
[无极CRM] 同步完成: +0 ~0 =2672
[声狐] 同步完成: 92 通, 9 接通
[无极CRM] 同步完成: +0 ~0 =2672
[声狐] 同步完成: 92 通, 9 接通
[声狐] 同步完成: 92 通, 9 接通
[无极CRM] 同步完成: +0 ~0 =2672
[无极CRM] 同步完成: +0 ~0 =2672
[声狐] 同步完成: 92 通, 9 接通
[无极CRM] 同步完成: +0 ~0 =2672
[声狐] 同步完成: 92 通, 9 接通
[无极CRM] 同步完成: +0 ~0 =2672
[声狐] 同步完成: 92 通, 9 接通
[声狐] 同步完成: 92 通, 9 接通
[无极CRM] 同步完成: +0 ~0 =2672
[声狐] 同步完成: 92 通, 9 接通
[无极CRM] 同步完成: +0 ~0 =2672
[无极CRM] 同步完成: +0 ~0 =2672
[声狐] 同步完成: 92 通, 9 接通
[无极CRM] 同步完成: +0 ~0 =2672
[声狐] 同步完成: 92 通, 9 接通
[无极CRM] 同步完成: +0 ~0 =2672
[声狐] 同步完成: 92 通, 9 接通
[无极CRM] 同步完成: +0 ~0 =2672
[声狐] 同步完成: 92 通, 9 接通
[声狐] 同步完成: 92 通, 9 接通
[无极CRM] 同步完成: +0 ~0 =2672
[无极CRM] 同步完成: +0 ~0 =2672
[声狐] 同步完成: 92 通, 9 接通
[无极CRM] 同步完成: +0 ~0 =2672
[声狐] 同步完成: 92 通, 9 接通
[无极CRM] 同步完成: +0 ~0 =2672
[声狐] 同步完成: 92 通, 9 接通
[无极CRM] 同步完成: +0 ~0 =2672
[声狐] 同步完成: 92 通, 9 接通
[声狐] 同步完成: 92 通, 9 接通
[无极CRM] 同步完成: +0 ~0 =2672
[无极CRM] 同步完成: +0 ~0 =2672
[声狐] 同步完成: 92 通, 9 接通
[无极CRM] 同步完成: +0 ~0 =2672
[声狐] 同步完成: 92 通, 9 接通
[无极CRM] 同步完成: +0 ~0 =2672
[声狐] 同步完成: 92 通, 9 接通
[无极CRM] 同步完成: +0 ~0 =2672
[声狐] 同步完成: 92 通, 9 接通
[声狐] 同步完成: 92 通, 9 接通
[无极CRM] 同步完成: +0 ~0 =2672
[无极CRM] 同步完成: +0 ~0 =2672
[声狐] 同步完成: 92 通, 9 接通
[无极CRM] 同步完成: +0 ~0 =2672
[声狐] 同步完成: 92 通, 9 接通
[无极CRM] 同步完成: +0 ~0 =2672
[声狐] 同步完成: 92 通, 9 接通
[无极CRM] 同步完成: +0 ~0 =2672
[声狐] 同步完成: 92 通, 9 接通
[声狐] 同步完成: 92 通, 9 接通
[无极CRM] 同步完成: +0 ~0 =2672
[无极CRM] 同步完成: +0 ~0 =2672
[声狐] 同步完成: 92 通, 9 接通
[无极CRM] 同步完成: +0 ~0 =2672
[声狐] 同步完成: 92 通, 9 接通
[无极CRM] 同步完成: +0 ~0 =2672
[声狐] 同步完成: 92 通, 9 接通
[无极CRM] 同步完成: +0 ~0 =2672
[声狐] 同步完成: 92 通, 9 接通
[声狐] 同步完成: 92 通, 9 接通
[无极CRM] 同步完成: +0 ~0 =2672
[无极CRM] 同步完成: +0 ~0 =2672
[声狐] 同步完成: 92 通, 9 接通
[无极CRM] 同步完成: +0 ~0 =2672
[声狐] 同步完成: 92 通, 9 接通
[无极CRM] 同步完成: +0 ~0 =2672
[声狐] 同步完成: 92 通, 9 接通
[无极CRM] 同步完成: +0 ~0 =2672
[声狐] 同步完成: 92 通, 9 接通
[声狐] 同步完成: 92 通, 9 接通
[无极CRM] 同步完成: +0 ~0 =2672
[无极CRM] 同步完成: +0 ~0 =2672
[声狐] 同步完成: 92 通, 9 接通
[无极CRM] 同步完成: +0 ~0 =2672
[声狐] 同步完成: 92 通, 9 接通
[无极CRM] 同步完成: +0 ~0 =2672
[声狐] 同步完成: 92 通, 9 接通
[声狐] 同步完成: 92 通, 9 接通
[无极CRM] 同步完成: +0 ~0 =2672
[声狐] 同步完成: 92 通, 9 接通
[无极CRM] 同步完成: +0 ~0 =2672
[无极CRM] 同步完成: +0 ~0 =2672
[声狐] 同步完成: 92 通, 9 接通
[无极CRM] 同步完成: +0 ~0 =2672
[声狐] 同步完成: 92 通, 9 接通
[无极CRM] 同步完成: +0 ~0 =2672
[声狐] 同步完成: 92 通, 9 接通
[无极CRM] 同步完成: +0 ~0 =2672
[声狐] 同步完成: 92 通, 9 接通
[声狐] 同步完成: 92 通, 9 接通
[无极CRM] 同步完成: +0 ~0 =2672
[无极CRM] 同步完成: +0 ~0 =2672
[声狐] 同步完成: 92 通, 9 接通
[无极CRM] 同步完成: +0 ~0 =2672
[声狐] 同步完成: 92 通, 9 接通
[无极CRM] 同步完成: +0 ~0 =2672
[声狐] 同步完成: 92 通, 9 接通
[无极CRM] 同步完成: +0 ~0 =2672
[声狐] 同步完成: 92 通, 9 接通
[声狐] 同步完成: 92 通, 9 接通
[无极CRM] 同步完成: +0 ~0 =2672
[无极CRM] 同步完成: +0 ~0 =2672
[声狐] 同步完成: 92 通, 9 接通
[无极CRM] 同步完成: +0 ~0 =2672
[声狐] 同步完成: 92 通, 9 接通
[无极CRM] 同步完成: +0 ~0 =2672
[声狐] 同步完成: 92 通, 9 接通
[无极CRM] 同步完成: +0 ~0 =2672
[声狐] 同步完成: 92 通, 9 接通
[声狐] 同步完成: 92 通, 9 接通
[无极CRM] 同步完成: +0 ~0 =2672
[无极CRM] 同步完成: +0 ~0 =2672
[声狐] 同步完成: 92 通, 9 接通
[无极CRM] 同步完成: +0 ~0 =2672
[声狐] 同步完成: 92 通, 9 接通
[无极CRM] 同步完成: +0 ~0 =2672
[声狐] 同步完成: 92 通, 9 接通
[无极CRM] 同步完成: +0 ~0 =2672
[声狐] 同步完成: 92 通, 9 接通
[声狐] 同步完成: 92 通, 9 接通
[无极CRM] 同步完成: +0 ~0 =2672
[无极CRM] 同步完成: +0 ~0 =2672
[声狐] 同步完成: 92 通, 9 接通
[无极CRM] 同步完成: +0 ~0 =2672
[声狐] 同步完成: 92 通, 9 接通
[无极CRM] 同步完成: +0 ~0 =2672
[声狐] 同步完成: 92 通, 9 接通
[无极CRM] 同步完成: +0 ~0 =2672
[声狐] 同步完成: 92 通, 9 接通
[声狐] 同步完成: 92 通, 9 接通
[无极CRM] 同步完成: +0 ~0 =2672
[无极CRM] 同步完成: +0 ~0 =2672
[声狐] 同步完成: 92 通, 9 接通
[无极CRM] 同步完成: +0 ~0 =2672
[声狐] 同步完成: 92 通, 9 接通
[无极CRM] 同步完成: +0 ~0 =2672
[声狐] 同步完成: 92 通, 9 接通
[声狐] 同步完成: 92 通, 9 接通
[无极CRM] 同步完成: +0 ~0 =2672
[声狐] 同步完成: 92 通, 9 接通
[无极CRM] 同步完成: +0 ~0 =2672
[无极CRM] 同步完成: +0 ~0 =2672
[声狐] 同步完成: 92 通, 9 接通
[无极CRM] 同步完成: +0 ~0 =2672
[声狐] 同步完成: 92 通, 9 接通
[无极CRM] 同步完成: +0 ~0 =2672
[声狐] 同步完成: 92 通, 9 接通
[无极CRM] 同步完成: +0 ~0 =2672
[声狐] 同步完成: 92 通, 9 接通
[声狐] 同步完成: 92 通, 9 接通
[无极CRM] 同步完成: +0 ~0 =2672
[声狐] 同步完成: 92 通, 9 接通
[无极CRM] 同步完成: +0 ~0 =2672
[无极CRM] 同步完成: +0 ~0 =2672
[声狐] 同步完成: 92 通, 9 接通
[无极CRM] 同步完成: +0 ~0 =2672
[声狐] 同步完成: 92 通, 9 接通
[声狐] 同步完成: 92 通, 9 接通
[无极CRM] 同步完成: +0 ~0 =2672
[声狐] 同步完成: 92 通, 9 接通
[无极CRM] 同步完成: +0 ~0 =2672
[无极CRM] 同步完成: +0 ~0 =2672
[声狐] 同步完成: 92 通, 9 接通
[无极CRM] 同步完成: +0 ~0 =2672
[声狐] 同步完成: 92 通, 9 接通
[无极CRM] 同步完成: +0 ~0 =2672
[声狐] 同步完成: 92 通, 9 接通
[声狐] 同步完成: 92 通, 9 接通
[无极CRM] 同步完成: +0 ~0 =2672
[声狐] 同步完成: 92 通, 9 接通
[无极CRM] 同步完成: +0 ~0 =2672
[无极CRM] 同步完成: +0 ~0 =2672
[声狐] 同步完成: 92 通, 9 接通
[无极CRM] 同步完成: +0 ~0 =2672
[声狐] 同步完成: 92 通, 9 接通
[无极CRM] 同步完成: +0 ~0 =2672
[声狐] 同步完成: 92 通, 9 接通
[声狐] 同步完成: 92 通, 9 接通
[无极CRM] 同步完成: +0 ~0 =2672
[声狐] 同步完成: 92 通, 9 接通
[无极CRM] 同步完成: +0 ~0 =2672
[无极CRM] 同步完成: +0 ~0 =2672
[声狐] 同步完成: 92 通, 9 接通
[无极CRM] 同步完成: +0 ~0 =2672
[声狐] 同步完成: 92 通, 9 接通
[无极CRM] 同步完成: +0 ~0 =2672
[声狐] 同步完成: 92 通, 9 接通
[声狐] 同步完成: 92 通, 9 接通
[无极CRM] 同步完成: +0 ~0 =2672
[声狐] 同步完成: 92 通, 9 接通
[无极CRM] 同步完成: +0 ~0 =2672
[无极CRM] 同步完成: +0 ~0 =2672
[声狐] 同步完成: 92 通, 9 接通
[无极CRM] 同步完成: +0 ~0 =2672
[声狐] 同步完成: 92 通, 9 接通
[无极CRM] 同步完成: +0 ~0 =2672
[声狐] 同步完成: 92 通, 9 接通
[声狐] 同步完成: 92 通, 9 接通
[无极CRM] 同步完成: +0 ~0 =2672
[声狐] 同步完成: 92 通, 9 接通
[无极CRM] 同步完成: +0 ~0 =2672
[无极CRM] 同步完成: +0 ~0 =2672
[声狐] 同步完成: 92 通, 9 接通
[无极CRM] 同步完成: +0 ~0 =2672
[声狐] 同步完成: 92 通, 9 接通
[无极CRM] 同步完成: +0 ~0 =2672
[声狐] 同步完成: 92 通, 9 接通
[声狐] 同步完成: 92 通, 9 接通
[无极CRM] 同步完成: +0 ~0 =2672
[声狐] 同步完成: 92 通, 9 接通
[无极CRM] 同步完成: +0 ~0 =2672
[无极CRM] 同步完成: +0 ~0 =2672
[声狐] 同步完成: 92 通, 9 接通
[无极CRM] 同步完成: +0 ~0 =2672
[声狐] 同步完成: 92 通, 9 接通
[无极CRM] 同步完成: +0 ~0 =2672
[声狐] 同步完成: 92 通, 9 接通
[声狐] 同步完成: 92 通, 9 接通
[无极CRM] 同步完成: +0 ~0 =2672
[声狐] 同步完成: 92 通, 9 接通
[无极CRM] 同步完成: +0 ~0 =2672
[无极CRM] 同步完成: +0 ~0 =2672
[声狐] 同步完成: 92 通, 9 接通
[无极CRM] 同步完成: +0 ~0 =2672
[声狐] 同步完成: 92 通, 9 接通
[无极CRM] 同步完成: +0 ~0 =2672
[声狐] 同步完成: 92 通, 9 接通
[声狐] 同步完成: 92 通, 9 接通
[无极CRM] 同步完成: +0 ~0 =2672
[声狐] 同步完成: 92 通, 9 接通
[无极CRM] 同步完成: +0 ~0 =2672
[无极CRM] 同步完成: +0 ~0 =2672
[声狐] 同步完成: 92 通, 9 接通
[无极CRM] 同步完成: +0 ~0 =2672
[声狐] 同步完成: 92 通, 9 接通
[无极CRM] 同步完成: +0 ~0 =2672
[声狐] 同步完成: 92 通, 9 接通
[声狐] 同步完成: 92 通, 9 接通
[无极CRM] 同步完成: +0 ~0 =2672
[声狐] 同步完成: 92 通, 9 接通
[无极CRM] 同步完成: +0 ~0 =2672
[无极CRM] 同步完成: +0 ~0 =2672
[声狐] 同步完成: 92 通, 9 接通
[无极CRM] 同步完成: +0 ~0 =2672
[声狐] 同步完成: 92 通, 9 接通
[无极CRM] 同步完成: +0 ~0 =2673
[声狐] 同步完成: 92 通, 9 接通
[声狐] 同步完成: 92 通, 9 接通
[无极CRM] 同步完成: +1 ~0 =2673
[声狐] 同步完成: 92 通, 9 接通
[无极CRM] 同步完成: +0 ~0 =2673
[无极CRM] 同步完成: +0 ~0 =2673
[声狐] 同步完成: 92 通, 9 接通
[无极CRM] 同步完成: +0 ~0 =2673
[声狐] 同步完成: 92 通, 9 接通
[无极CRM] 同步完成: +0 ~0 =2673
[声狐] 同步完成: 92 通, 9 接通
[声狐] 同步完成: 92 通, 9 接通
[无极CRM] 同步完成: +0 ~1 =2673
[声狐] 同步完成: 92 通, 9 接通
[无极CRM] 同步完成: +0 ~0 =2673
[无极CRM] 同步完成: +0 ~0 =2673
[声狐] 同步完成: 92 通, 9 接通
[无极CRM] 同步完成: +0 ~0 =2673
[声狐] 同步完成: 92 通, 9 接通
[无极CRM] 同步完成: +0 ~0 =2673
[声狐] 同步完成: 92 通, 9 接通
[声狐] 同步完成: 92 通, 9 接通
[无极CRM] 同步完成: +0 ~0 =2673
[声狐] 同步完成: 92 通, 9 接通
[无极CRM] 同步完成: +0 ~0 =2673
[无极CRM] 同步完成: +0 ~0 =2673
[声狐] 同步完成: 92 通, 9 接通
[无极CRM] 同步完成: +0 ~0 =2673
[声狐] 同步完成: 92 通, 9 接通
[无极CRM] 同步完成: +0 ~0 =2673
[声狐] 同步完成: 92 通, 9 接通
[声狐] 同步完成: 92 通, 9 接通
[无极CRM] 同步完成: +0 ~0 =2673
[声狐] 同步完成: 92 通, 9 接通
[无极CRM] 同步完成: +0 ~0 =2673
[无极CRM] 同步完成: +0 ~0 =2673
[声狐] 同步完成: 92 通, 9 接通
[无极CRM] 同步完成: +0 ~0 =2674
[声狐] 同步完成: 92 通, 9 接通
[无极CRM] 同步完成: +1 ~0 =2674
[声狐] 同步完成: 92 通, 9 接通
[声狐] 同步完成: 92 通, 9 接通
[无极CRM] 同步完成: +0 ~0 =2674
[声狐] 同步完成: 92 通, 9 接通
[无极CRM] 同步完成: +0 ~0 =2674
[无极CRM] 同步完成: +0 ~0 =2674
[声狐] 同步完成: 92 通, 9 接通
[无极CRM] 同步完成: +0 ~0 =2674
[声狐] 同步完成: 92 通, 9 接通
[无极CRM] 同步完成: +0 ~1 =2674
[声狐] 同步完成: 92 通, 9 接通
[声狐] 同步完成: 92 通, 9 接通
[无极CRM] 同步完成: +0 ~0 =2674
[声狐] 同步完成: 92 通, 9 接通
[无极CRM] 同步完成: +0 ~0 =2674
[无极CRM] 同步完成: +0 ~0 =2674
[声狐] 同步完成: 92 通, 9 接通
[无极CRM] 同步完成: +0 ~0 =2674
[声狐] 同步完成: 92 通, 9 接通
[无极CRM] 同步完成: +0 ~0 =2674
[声狐] 同步完成: 92 通, 9 接通
[声狐] 同步完成: 92 通, 9 接通
[无极CRM] 同步完成: +0 ~0 =2674
[声狐] 同步完成: 92 通, 9 接通
[无极CRM] 同步完成: +0 ~0 =2674
[无极CRM] 同步完成: +0 ~0 =2674
[声狐] 同步完成: 92 通, 9 接通
[无极CRM] 同步完成: +0 ~0 =2674
[声狐] 同步完成: 92 通, 9 接通
[无极CRM] 同步完成: +0 ~0 =2674
[声狐] 同步完成: 92 通, 9 接通
[声狐] 同步完成: 92 通, 9 接通
[无极CRM] 同步完成: +0 ~0 =2674
[声狐] 同步完成: 92 通, 9 接通
[无极CRM] 同步完成: +0 ~0 =2674
[无极CRM] 同步完成: +0 ~0 =2674
[声狐] 同步完成: 92 通, 9 接通
[无极CRM] 同步完成: +0 ~0 =2674
[声狐] 同步完成: 92 通, 9 接通
[无极CRM] 同步完成: +0 ~0 =2674
[声狐] 同步完成: 92 通, 9 接通
[声狐] 同步完成: 92 通, 9 接通
[无极CRM] 同步完成: +0 ~0 =2674
[声狐] 同步完成: 92 通, 9 接通
[无极CRM] 同步完成: +0 ~0 =2674
[无极CRM] 同步完成: +0 ~0 =2674
[声狐] 同步完成: 92 通, 9 接通
[无极CRM] 同步完成: +0 ~0 =2674
[声狐] 同步完成: 92 通, 9 接通
[无极CRM] 同步完成: +0 ~0 =2674
[声狐] 同步完成: 92 通, 9 接通
[无极CRM] 同步完成: +0 ~0 =2674
[声狐] 同步完成: 92 通, 9 接通
[声狐] 同步完成: 92 通, 9 接通
[无极CRM] 同步完成: +0 ~0 =2674
[声狐] 同步完成: 92 通, 9 接通
[无极CRM] 同步完成: +0 ~0 =2674
[声狐] 同步完成: 92 通, 9 接通
[声狐] 同步完成: 92 通, 9 接通
[无极CRM] 同步完成: +0 ~0 =2674
[无极CRM] 同步完成: +0 ~0 =2674
[声狐] 同步完成: 92 通, 9 接通
[无极CRM] 同步完成: +0 ~0 =2674
[声狐] 同步完成: 92 通, 9 接通
[无极CRM] 同步完成: +0 ~0 =2674
[声狐] 同步完成: 92 通, 9 接通
[无极CRM] 同步完成: +0 ~0 =2674
[声狐] 同步完成: 92 通, 9 接通
[无极CRM] 同步完成: +0 ~0 =2674
[声狐] 同步完成: 92 通, 9 接通
[声狐] 同步完成: 92 通, 9 接通
[无极CRM] 同步完成: +0 ~0 =2674
[无极CRM] 同步完成: +0 ~0 =2674
[声狐] 同步完成: 92 通, 9 接通
[无极CRM] 同步完成: +0 ~0 =2674
[声狐] 同步完成: 92 通, 9 接通
[无极CRM] 同步完成: +0 ~0 =2674
[声狐] 同步完成: 92 通, 9 接通
[声狐] 同步完成: 92 通, 9 接通
[无极CRM] 同步完成: +0 ~0 =2674
[无极CRM] 同步完成: +0 ~0 =2674
[声狐] 同步完成: 92 通, 9 接通
[声狐] 同步完成: 92 通, 9 接通
[无极CRM] 同步完成: +0 ~0 =2674
[声狐] 同步完成: 92 通, 9 接通
[无极CRM] 同步完成: +0 ~0 =2674
[声狐] 同步完成: 92 通, 9 接通
[声狐] 同步完成: 92 通, 9 接通
[无极CRM] 同步完成: +0 ~0 =2674
[声狐] 同步完成: 92 通, 9 接通
[无极CRM] 同步完成: +0 ~0 =2674
[无极CRM] 同步完成: +0 ~0 =2674
[无极CRM] 同步完成: +0 ~0 =2674
[声狐] 同步完成: 92 通, 9 接通
[声狐] 同步完成: 92 通, 9 接通
[无极CRM] 同步完成: +0 ~0 =2674
[无极CRM] 同步完成: +0 ~0 =2674
[声狐] 同步完成: 92 通, 9 接通
[声狐] 同步完成: 92 通, 9 接通
[无极CRM] 同步完成: +0 ~0 =2674
[无极CRM] 同步完成: +0 ~0 =2674
[声狐] 同步完成: 92 通, 9 接通
[声狐] 同步完成: 92 通, 9 接通
[无极CRM] 同步完成: +0 ~0 =2674
[无极CRM] 同步完成: +0 ~0 =2674
[声狐] 同步完成: 92 通, 9 接通
[声狐] 同步完成: 92 通, 9 接通
[无极CRM] 同步完成: +0 ~0 =2674
[无极CRM] 同步完成: +0 ~0 =2674
