[无极CRM] 从磁盘恢复 2680 条线索, 100 条日志
[声狐] 从磁盘恢复 50 条通话, 100 条日志
[Pipeline] 从磁盘恢复队列 11 条, 待确认 0 条, 活跃任务: 无

============================================
  无极CRM x VoiceFox 声狐 融合管理平台
  http://localhost:3456
============================================

[无极CRM] 登录尝试 1
[声狐] 登录尝试 1
[声狐] 登录成功 - 项目: 981, 用户: 李灵
[声狐] 同步完成: 92 通, 9 接通
[声狐] 同步完成: 92 通, 9 接通
[无极CRM] 登录成功
[声狐] 同步完成: 92 通, 9 接通
[声狐] 同步完成: 92 通, 9 接通
[无极CRM] 同步完成: +0 ~0 =2680
[声狐] 同步完成: 92 通, 9 接通
[声狐] 同步完成: 92 通, 9 接通
[无极CRM] 同步完成: +0 ~0 =2680
[无极CRM] 同步完成: +0 ~0 =2680
[声狐] 同步完成: 92 通, 9 接通
[声狐] 同步完成: 92 通, 9 接通
[无极CRM] 同步完成: +0 ~0 =2680
[声狐] 同步完成: 92 通, 9 接通
[声狐] 同步完成: 92 通, 9 接通
[无极CRM] 同步完成: +0 ~0 =2680
[无极CRM] 同步完成: +0 ~0 =2680
[声狐] 同步完成: 92 通, 9 接通
[声狐] 同步完成: 92 通, 9 接通
[无极CRM] 同步完成: +0 ~0 =2680
[无极CRM] 同步完成: +0 ~0 =2680
[声狐] 同步完成: 92 通, 9 接通
[声狐] 同步完成: 92 通, 9 接通
[无极CRM] 同步完成: +0 ~0 =2680
[无极CRM] 同步完成: +0 ~0 =2680
[声狐] 同步完成: 92 通, 9 接通
[声狐] 同步完成: 92 通, 9 接通
[无极CRM] 同步完成: +0 ~0 =2680
[无极CRM] 同步完成: +0 ~0 =2680
[声狐] 同步完成: 92 通, 9 接通
[声狐] 同步完成: 92 通, 9 接通
[无极CRM] 同步完成: +0 ~0 =2680
[无极CRM] 同步完成: +0 ~0 =2680
