node:internal/modules/cjs/loader:1503
  throw err;
  ^

Error: Cannot find module './persist'
Require stack:
- C:\Users\33044\Desktop\声狐和无极\merged\modules\wuji-crm.js
- C:\Users\33044\Desktop\声狐和无极\merged\server.js
    at Module._resolveFilename (node:internal/modules/cjs/loader:1500:15)
    at wrapResolveFilename (node:internal/modules/cjs/loader:1071:27)
    at defaultResolveImplForCJSLoading (node:internal/modules/cjs/loader:1095:10)
    at resolveForCJSWithHooks (node:internal/modules/cjs/loader:1116:12)
    at Module._load (node:internal/modules/cjs/loader:1285:25)
    at wrapModuleLoad (node:internal/modules/cjs/loader:255:19)
    at Module.require (node:internal/modules/cjs/loader:1600:12)
    at require (node:internal/modules/helpers:153:16)
    at Object.<anonymous> (C:\Users\33044\Desktop\声狐和无极\merged\modules\wuji-crm.js:4:24)
    at Module._compile (node:internal/modules/cjs/loader:1854:14) {
  code: 'MODULE_NOT_FOUND',
  requireStack: [
    'C:\\Users\\33044\\Desktop\\声狐和无极\\merged\\modules\\wuji-crm.js',
    'C:\\Users\\33044\\Desktop\\声狐和无极\\merged\\server.js'
  ]
}

Node.js v24.16.0
