[无极CRM] 从磁盘恢复 2692 条线索, 100 条日志
[声狐] 从磁盘恢复 74 条通话, 100 条日志

============================================
  无极CRM x VoiceFox 声狐 融合管理平台
  http://localhost:3456
============================================

[无极CRM] 登录尝试 1
[声狐] 登录尝试 1
[声狐] 登录成功 - 项目: 981, 用户: 李灵
[声狐] 同步完成: 116 通, 5 接通
[无极CRM] 登录成功
[声狐] 同步完成: 116 通, 5 接通
[声狐] 同步完成: 116 通, 5 接通
[无极CRM] 同步完成: +0 ~0 =2692
[声狐] 同步完成: 116 通, 5 接通
[声狐] 同步完成: 116 通, 5 接通
[无极CRM] 同步完成: +0 ~0 =2692
[声狐] 同步完成: 116 通, 5 接通
[无极CRM] 同步完成: +0 ~0 =2692
[声狐] 同步完成: 116 通, 5 接通
[无极CRM] 同步完成: +0 ~0 =2692
[声狐] 同步完成: 116 通, 5 接通
[无极CRM] 同步完成: +0 ~0 =2692
[声狐] 同步完成: 117 通, 5 接通
[声狐] 同步完成: 117 通, 5 接通
[无极CRM] 同步完成: +0 ~0 =2692
[无极CRM] 同步完成: +0 ~0 =2692
[声狐] 同步完成: 118 通, 5 接通
[声狐] 同步完成: 118 通, 5 接通
[无极CRM] 同步完成: +0 ~0 =2692
[无极CRM] 同步完成: +0 ~0 =2692
[声狐] 同步完成: 118 通, 5 接通
[声狐] 同步完成: 118 通, 5 接通
[无极CRM] 同步完成: +0 ~0 =2692
[无极CRM] 同步完成: +0 ~0 =2692
[声狐] 同步完成: 118 通, 5 接通
[声狐] 同步完成: 118 通, 5 接通
[无极CRM] 同步完成: +0 ~0 =2692
[无极CRM] 同步完成: +0 ~0 =2692
[声狐] 同步完成: 118 通, 5 接通
[声狐] 同步完成: 118 通, 5 接通
[无极CRM] 同步完成: +0 ~0 =2692
[无极CRM] 同步完成: +0 ~0 =2692
[声狐] 同步完成: 118 通, 5 接通
[声狐] 同步完成: 118 通, 5 接通
[无极CRM] 同步完成: +0 ~0 =2692
[声狐] 同步完成: 118 通, 5 接通
[无极CRM] 同步完成: +0 ~0 =2692
[声狐] 同步完成: 118 通, 5 接通
[无极CRM] 同步完成: +0 ~0 =2692
[声狐] 同步完成: 118 通, 5 接通
[无极CRM] 同步完成: +0 ~0 =2692
[声狐] 同步完成: 118 通, 5 接通
[无极CRM] 同步完成: +0 ~0 =2692
[无极CRM] 同步完成: +0 ~0 =2692
[声狐] 同步完成: 118 通, 5 接通
[声狐] 同步完成: 118 通, 5 接通
[无极CRM] 同步完成: +0 ~0 =2692
[无极CRM] 同步完成: +0 ~0 =2692
[声狐] 同步完成: 118 通, 5 接通
[声狐] 同步完成: 118 通, 5 接通
[无极CRM] 同步完成: +0 ~0 =2692
[无极CRM] 同步完成: +0 ~0 =2692
[声狐] 同步完成: 118 通, 5 接通
[声狐] 同步完成: 118 通, 5 接通
[无极CRM] 同步完成: +0 ~0 =2692
[声狐] 同步完成: 118 通, 5 接通
[无极CRM] 同步完成: +0 ~0 =2692
[声狐] 同步完成: 118 通, 5 接通
[无极CRM] 同步完成: +0 ~0 =2692
[无极CRM] 同步完成: +0 ~0 =2692
[声狐] 同步完成: 118 通, 5 接通
[声狐] 同步完成: 118 通, 5 接通
[无极CRM] 同步完成: +0 ~0 =2692
[无极CRM] 同步完成: +0 ~0 =2692
[声狐] 同步完成: 118 通, 5 接通
[声狐] 同步完成: 118 通, 5 接通
[无极CRM] 同步完成: +0 ~0 =2692
[无极CRM] 同步完成: +0 ~0 =2692
[声狐] 同步完成: 118 通, 5 接通
[声狐] 同步完成: 118 通, 5 接通
[无极CRM] 同步完成: +0 ~0 =2692
[无极CRM] 同步完成: +0 ~0 =2692
[声狐] 同步完成: 118 通, 5 接通
