[无极CRM] 从磁盘恢复 2692 条线索, 100 条日志
[声狐] 从磁盘恢复 55 条通话, 100 条日志
[Pipeline] 从磁盘恢复队列 8 条, 待确认 0 条

============================================
  无极CRM x VoiceFox 声狐 融合管理平台
  http://localhost:3456
============================================

[无极CRM] 登录尝试 1
[声狐] 登录尝试 1
[声狐] 登录成功 - 项目: 981, 用户: 李灵
[声狐] 同步完成: 97 通, 9 接通
processCompletedCalls: disabled
[声狐] 同步完成: 97 通, 9 接通
processCompletedCalls: disabled
[声狐] 同步完成: 97 通, 9 接通
processCompletedCalls: disabled
[声狐] 同步完成: 97 通, 9 接通
processCompletedCalls: disabled
[声狐] 同步完成: 97 通, 9 接通
processCompletedCalls: disabled
[声狐] 同步完成: 97 通, 9 接通
processCompletedCalls: disabled
[声狐] 同步完成: 97 通, 9 接通
processCompletedCalls: disabled
[声狐] 同步完成: 97 通, 9 接通
processCompletedCalls: disabled
[声狐] 同步完成: 97 通, 9 接通
processCompletedCalls: disabled
[无极CRM] 登录成功
[声狐] 同步完成: 97 通, 9 接通
processCompletedCalls: disabled
[声狐] 同步完成: 97 通, 9 接通
processCompletedCalls: disabled
[无极CRM] 同步完成: +0 ~2 =2692
[无极CRM] 同步完成: +0 ~0 =2692
[声狐] 同步完成: 97 通, 9 接通
processCompletedCalls: disabled
[声狐] 同步完成: 97 通, 9 接通
processCompletedCalls: disabled
[无极CRM] 同步完成: +0 ~1 =2692
[声狐] 同步完成: 97 通, 9 接通
processCompletedCalls: disabled
[声狐] 同步完成: 97 通, 9 接通
processCompletedCalls: disabled
[无极CRM] 同步完成: +0 ~0 =2691
[声狐] 同步完成: 97 通, 9 接通
processCompletedCalls: disabled
[声狐] 同步完成: 97 通, 9 接通
processCompletedCalls: disabled
[无极CRM] 同步完成: +1 ~0 =2691
[无极CRM] 同步完成: +0 ~0 =2691
[声狐] 同步完成: 97 通, 9 接通
processCompletedCalls: disabled
[声狐] 同步完成: 97 通, 9 接通
processCompletedCalls: disabled
[无极CRM] 同步完成: +0 ~0 =2691
[无极CRM] 同步完成: +0 ~0 =2691
[声狐] 同步完成: 97 通, 9 接通
processCompletedCalls: disabled
[声狐] 同步完成: 97 通, 9 接通
processCompletedCalls: disabled
[无极CRM] 同步完成: +0 ~0 =2691
[无极CRM] 同步完成: +1 ~0 =2691
[声狐] 同步完成: 97 通, 9 接通
processCompletedCalls: disabled
[声狐] 同步完成: 97 通, 9 接通
processCompletedCalls: disabled
[无极CRM] 同步完成: +1 ~0 =2691
[声狐] 同步完成: 97 通, 9 接通
processCompletedCalls: disabled
[声狐] 同步完成: 97 通, 9 接通
processCompletedCalls: disabled
[无极CRM] 同步完成: +0 ~0 =2691
[无极CRM] 同步完成: +0 ~0 =2691
[声狐] 同步完成: 97 通, 9 接通
processCompletedCalls: disabled
[声狐] 同步完成: 97 通, 9 接通
processCompletedCalls: disabled
[无极CRM] 同步完成: +0 ~0 =2691
[无极CRM] 同步完成: +0 ~0 =2692
[声狐] 同步完成: 97 通, 9 接通
processCompletedCalls: disabled
[声狐] 同步完成: 97 通, 9 接通
processCompletedCalls: disabled
[无极CRM] 同步完成: +0 ~0 =2692
[无极CRM] 同步完成: +1 ~0 =2692
[声狐] 同步完成: 97 通, 9 接通
processCompletedCalls: disabled
[声狐] 同步完成: 97 通, 9 接通
processCompletedCalls: disabled
[无极CRM] 同步完成: +0 ~1 =2692
[无极CRM] 同步完成: +0 ~1 =2692
[无极CRM] 同步完成: +1 ~1 =2692
[无极CRM] 同步完成: +0 ~0 =2692
[声狐] 同步完成: 97 通, 9 接通
processCompletedCalls: disabled
[声狐] 同步完成: 97 通, 9 接通
processCompletedCalls: disabled
[无极CRM] 同步完成: +0 ~1 =2692
[声狐] 同步完成: 97 通, 9 接通
processCompletedCalls: disabled
[声狐] 同步完成: 97 通, 9 接通
processCompletedCalls: disabled
[无极CRM] 同步完成: +0 ~0 =2692
[声狐] 同步完成: 97 通, 9 接通
processCompletedCalls: disabled
[无极CRM] 同步完成: +0 ~0 =2692
[声狐] 同步完成: 97 通, 9 接通
processCompletedCalls: disabled
[无极CRM] 同步完成: +0 ~1 =2692
[声狐] 同步完成: 98 通, 9 接通
processCompletedCalls: disabled
[声狐] 同步完成: 98 通, 9 接通
processCompletedCalls: disabled
[无极CRM] 同步完成: +0 ~0 =2692
[无极CRM] 同步完成: +0 ~0 =2692
[声狐] 同步完成: 98 通, 9 接通
processCompletedCalls: disabled
[声狐] 同步完成: 98 通, 9 接通
processCompletedCalls: disabled
[无极CRM] 同步完成: +0 ~0 =2692
[无极CRM] 同步完成: +0 ~1 =2692
[无极CRM] 同步完成: +0 ~1 =2692
[声狐] 同步完成: 98 通, 9 接通
processCompletedCalls: disabled
[声狐] 同步完成: 98 通, 9 接通
processCompletedCalls: disabled
[无极CRM] 同步完成: +0 ~0 =2692
[声狐] 同步完成: 98 通, 9 接通
processCompletedCalls: disabled
[无极CRM] 同步完成: +0 ~1 =2692
[声狐] 同步完成: 98 通, 9 接通
processCompletedCalls: disabled
[无极CRM] 同步完成: +0 ~0 =2692
[声狐] 同步完成: 98 通, 9 接通
processCompletedCalls: disabled
[无极CRM] 同步完成: +0 ~0 =2692
[无极CRM] 同步完成: +0 ~0 =2692
[声狐] 同步完成: 98 通, 9 接通
processCompletedCalls: disabled
[声狐] 同步完成: 98 通, 9 接通
processCompletedCalls: disabled
[无极CRM] 同步完成: +0 ~0 =2692
[声狐] 同步完成: 98 通, 9 接通
processCompletedCalls: disabled
[声狐] 同步完成: 98 通, 9 接通
processCompletedCalls: disabled
[无极CRM] 同步完成: +0 ~0 =2692
[无极CRM] 同步完成: +0 ~0 =2692
[无极CRM] 同步完成: +0 ~1 =2692
[声狐] 同步完成: 98 通, 9 接通
processCompletedCalls: disabled
[声狐] 同步完成: 98 通, 9 接通
processCompletedCalls: disabled
[无极CRM] 同步完成: +0 ~1 =2692
[声狐] 同步完成: 98 通, 9 接通
processCompletedCalls: disabled
[无极CRM] 同步完成: +0 ~0 =2692
[声狐] 同步完成: 98 通, 9 接通
processCompletedCalls: disabled
[无极CRM] 同步完成: +0 ~0 =2692
[无极CRM] 同步完成: +0 ~0 =2692
[声狐] 同步完成: 98 通, 9 接通
processCompletedCalls: disabled
[声狐] 同步完成: 98 通, 9 接通
processCompletedCalls: disabled
[无极CRM] 同步完成: +0 ~0 =2692
[声狐] 同步完成: 98 通, 9 接通
processCompletedCalls: disabled
[声狐] 同步完成: 98 通, 9 接通
processCompletedCalls: disabled
[无极CRM] 同步完成: +0 ~0 =2692
[无极CRM] 同步完成: +0 ~0 =2692
[声狐] 同步完成: 98 通, 9 接通
processCompletedCalls: disabled
[无极CRM] 同步完成: +0 ~0 =2692
[无极CRM] 同步完成: +0 ~0 =2692
[声狐] 同步完成: 98 通, 9 接通
processCompletedCalls: disabled
